<?xml version="1.0" encoding="UTF-8"?>
<!-- Generated by org.testng.reporters.JUnitReportReporter -->
<testsuite hostname="DESKTOP-3E3VA82" failures="0" tests="1" name="seleniumM.AirlineProject.TC_applyCoupon" time="62.038" errors="0" timestamp="2024-10-10T17:57:21 IST" skipped="0">
  <testcase classname="seleniumM.AirlineProject.TC_applyCoupon" name="VerifyFareBaggageDetails" time="62.038"/>
</testsuite> <!-- seleniumM.AirlineProject.TC_applyCoupon -->
