<?xml version="1.0" encoding="UTF-8"?>
<!-- Generated by org.testng.reporters.JUnitReportReporter -->
<testsuite hostname="DESKTOP-3E3VA82" failures="0" tests="1" name="seleniumM.AirlineProject.TC6_ValidateforDiffClasses" time="50.317" errors="0" timestamp="2024-10-09T16:41:46 IST" skipped="0">
  <testcase classname="seleniumM.AirlineProject.TC6_ValidateforDiffClasses" name="searchForDiffClasses" time="50.317"/>
</testsuite> <!-- seleniumM.AirlineProject.TC6_ValidateforDiffClasses -->
