<?xml version="1.0" encoding="UTF-8"?>
<!-- Generated by org.testng.reporters.JUnitReportReporter -->
<testsuite hostname="DESKTOP-3E3VA82" failures="0" tests="1" name="seleniumM.AirlineProject.TC7_SeatSelectionduringbookingprocess" time="53.827" errors="0" timestamp="2024-10-10T10:36:38 IST" skipped="0">
  <testcase classname="seleniumM.AirlineProject.TC7_SeatSelectionduringbookingprocess" name="FlightBooking" time="53.827"/>
</testsuite> <!-- seleniumM.AirlineProject.TC7_SeatSelectionduringbookingprocess -->
