<?xml version="1.0" encoding="UTF-8"?>
<!-- Generated by org.testng.reporters.JUnitReportReporter -->
<testsuite hostname="DESKTOP-3E3VA82" failures="0" tests="1" name="seleniumM.AirlineProject.TC4_OneWaySearchFlight" time="81.405" errors="0" timestamp="2024-10-08T16:07:20 IST" skipped="0">
  <testcase classname="seleniumM.AirlineProject.TC4_OneWaySearchFlight" name="searchflightOneWay" time="81.405"/>
</testsuite> <!-- seleniumM.AirlineProject.TC4_OneWaySearchFlight -->
