<?xml version="1.0" encoding="UTF-8"?>
<!-- Generated by org.testng.reporters.JUnitReportReporter -->
<testsuite hostname="DESKTOP-3E3VA82" failures="0" tests="1" name="seleniumM.AirlineProject.TC_SeatSelectionduringbookingprocess" time="39.123" errors="0" timestamp="2024-10-10T17:28:41 IST" skipped="0">
  <testcase classname="seleniumM.AirlineProject.TC_SeatSelectionduringbookingprocess" name="FlightBooking" time="39.123"/>
</testsuite> <!-- seleniumM.AirlineProject.TC_SeatSelectionduringbookingprocess -->
