<?xml version="1.0" encoding="UTF-8"?>
<!-- Generated by org.testng.reporters.JUnitReportReporter -->
<testsuite hostname="DESKTOP-3E3VA82" failures="0" tests="1" name="seleniumM.AirlineProject.TC2_ValidLogin" time="19.710" errors="0" timestamp="2024-10-06T14:08:23 IST" skipped="0">
  <testcase classname="seleniumM.AirlineProject.TC2_ValidLogin" name="loginasValid" time="19.710"/>
</testsuite> <!-- seleniumM.AirlineProject.TC2_ValidLogin -->
