<?xml version="1.0" encoding="UTF-8"?>
<!-- Generated by org.testng.reporters.JUnitReportReporter -->
<testsuite hostname="DESKTOP-3E3VA82" failures="0" tests="1" name="seleniumM.AirlineProject.TC1_RegisterUser" time="14.471" errors="0" timestamp="2024-10-06T14:10:09 IST" skipped="0">
  <testcase classname="seleniumM.AirlineProject.TC1_RegisterUser" name="regiesterwithAmazon" time="14.471"/>
</testsuite> <!-- seleniumM.AirlineProject.TC1_RegisterUser -->
