<?xml version="1.0" encoding="UTF-8"?>
<!-- Generated by org.testng.reporters.JUnitReportReporter -->
<testsuite hostname="DESKTOP-3E3VA82" failures="0" tests="1" name="seleniumM.AirlineProject.TC9_ValidateflightInformation" time="50.629" errors="0" timestamp="2024-10-10T11:04:44 IST" skipped="0">
  <testcase classname="seleniumM.AirlineProject.TC9_ValidateflightInformation" name="VerifyFareBaggageDetails" time="50.629"/>
</testsuite> <!-- seleniumM.AirlineProject.TC9_ValidateflightInformation -->
