<?xml version="1.0" encoding="UTF-8"?>
<!-- Generated by org.testng.reporters.JUnitReportReporter -->
<testsuite hostname="DESKTOP-3E3VA82" failures="0" tests="1" name="seleniumM.AirlineProject.TC5_RoundTrip" time="44.103" errors="0" timestamp="2024-10-08T16:57:55 IST" skipped="0">
  <testcase classname="seleniumM.AirlineProject.TC5_RoundTrip" name="roundTrip" time="44.103"/>
</testsuite> <!-- seleniumM.AirlineProject.TC5_RoundTrip -->
