<?xml version="1.0" encoding="UTF-8"?>
<!-- Generated by org.testng.reporters.JUnitReportReporter -->
<testsuite hostname="DESKTOP-3E3VA82" failures="0" tests="1" name="seleniumM.AirlineProject.TC7_SeatSelection_Booking" time="66.155" errors="0" timestamp="2024-10-10T10:16:10 IST" skipped="0">
  <testcase classname="seleniumM.AirlineProject.TC7_SeatSelection_Booking" name="SelectSeatwhileBooking" time="66.155"/>
</testsuite> <!-- seleniumM.AirlineProject.TC7_SeatSelection_Booking -->
