<?xml version="1.0" encoding="UTF-8"?>
<!-- Generated by org.testng.reporters.JUnitReportReporter -->
<testsuite hostname="DESKTOP-3E3VA82" failures="0" tests="3" name="selenium.TestNG.Programs.DataProvider_Google" time="25.345" errors="0" timestamp="2024-09-09T18:06:31 IST" skipped="0">
  <testcase classname="selenium.TestNG.Programs.DataProvider_Google" name="googlesearch" time="12.063"/>
  <system-out/>
  <testcase classname="selenium.TestNG.Programs.DataProvider_Google" name="googlesearch" time="7.264"/>
  <system-out/>
  <testcase classname="selenium.TestNG.Programs.DataProvider_Google" name="googlesearch" time="6.018"/>
  <system-out/>
</testsuite> <!-- selenium.TestNG.Programs.DataProvider_Google -->
