<?xml version="1.0" encoding="UTF-8"?>
<!-- Generated by org.testng.reporters.JUnitReportReporter -->
<testsuite hostname="DESKTOP-3E3VA82" failures="0" tests="1" name="selenium_prog.ScrollDown" time="21.397" errors="0" timestamp="2024-10-02T16:35:09 IST" skipped="0">
  <testcase classname="selenium_prog.ScrollDown" name="Launch_Browser" time="21.397"/>
  <system-out/>
</testsuite> <!-- selenium_prog.ScrollDown -->
