<?xml version="1.0" encoding="UTF-8"?>
<!-- Generated by org.testng.reporters.JUnitReportReporter -->
<testsuite hostname="DESKTOP-3E3VA82" failures="0" tests="1" name="selenium.TestNG.Programs.One" time="0.002" errors="0" timestamp="2024-08-30T17:03:58 IST" skipped="0">
  <testcase classname="selenium.TestNG.Programs.One" name="login" time="0.002"/>
  <system-out/>
</testsuite> <!-- selenium.TestNG.Programs.One -->
