<?xml version="1.0" encoding="UTF-8"?>
<!-- Generated by org.testng.reporters.JUnitReportReporter -->
<testsuite hostname="DESKTOP-3E3VA82" failures="0" tests="3" name="selenium.TestNG.Programs.MultipleTestAnnotation_Execution" time="0.018" errors="0" timestamp="2024-08-30T17:03:58 IST" skipped="0">
  <testcase classname="selenium.TestNG.Programs.MultipleTestAnnotation_Execution" name="launch" time="0.008"/>
  <system-out/>
  <testcase classname="selenium.TestNG.Programs.MultipleTestAnnotation_Execution" name="quit" time="0.008"/>
  <system-out/>
  <testcase classname="selenium.TestNG.Programs.MultipleTestAnnotation_Execution" name="addtoCart" time="0.002"/>
  <system-out/>
</testsuite> <!-- selenium.TestNG.Programs.MultipleTestAnnotation_Execution -->
