<?xml version="1.0" encoding="UTF-8"?>
<!-- Generated by org.testng.reporters.JUnitReportReporter -->
<testsuite hostname="DESKTOP-3E3VA82" failures="0" tests="13" name="selenium.TestNG.Programs.TwoPara_inSingleTC" time="0.019" errors="0" timestamp="2024-10-01T17:13:30 IST" skipped="1">
  <testcase classname="selenium.TestNG.Programs.TwoPara_inSingleTC" name="login" time="0.001"/>
  <system-out/>
  <testcase classname="selenium.TestNG.Programs.TwoPara_inSingleTC" name="login" time="0.001"/>
  <system-out/>
  <testcase classname="selenium.TestNG.Programs.TwoPara_inSingleTC" name="login" time="0.008"/>
  <system-out/>
  <testcase classname="selenium.TestNG.Programs.TwoPara_inSingleTC" name="login" time="0.001"/>
  <system-out/>
  <testcase classname="selenium.TestNG.Programs.TwoPara_inSingleTC" name="login" time="0.001"/>
  <system-out/>
  <testcase classname="selenium.TestNG.Programs.TwoPara_inSingleTC" name="logout" time="0.002"/>
  <system-out/>
  <testcase classname="selenium.TestNG.Programs.TwoPara_inSingleTC" name="logout" time="0.002"/>
  <system-out/>
  <testcase classname="selenium.TestNG.Programs.TwoPara_inSingleTC" name="logout" time="0.001"/>
  <system-out/>
  <testcase classname="selenium.TestNG.Programs.TwoPara_inSingleTC" name="cart" time="0.000"/>
  <system-out/>
  <testcase classname="selenium.TestNG.Programs.TwoPara_inSingleTC" name="cart" time="0.000"/>
  <system-out/>
  <testcase classname="selenium.TestNG.Programs.TwoPara_inSingleTC" name="cart" time="0.001"/>
  <system-out/>
  <testcase classname="selenium.TestNG.Programs.TwoPara_inSingleTC" name="cart" time="0.001"/>
  <system-out/>
  <testcase classname="selenium.TestNG.Programs.TwoPara_inSingleTC" name="search">
    <skipped/>
  </testcase> <!-- search -->
  <system-out/>
</testsuite> <!-- selenium.TestNG.Programs.TwoPara_inSingleTC -->
