<?xml version="1.0" encoding="UTF-8"?>
<!-- Generated by org.testng.reporters.JUnitReportReporter -->
<testsuite hostname="DESKTOP-3E3VA82" failures="0" tests="2" name="selenium.TestNG.Programs.AllAnnotation_ExtraTest" time="0.006" errors="0" timestamp="2024-08-30T17:03:58 IST" skipped="0">
  <testcase classname="selenium.TestNG.Programs.AllAnnotation_ExtraTest" name="login" time="0.004"/>
  <system-out/>
  <testcase classname="selenium.TestNG.Programs.AllAnnotation_ExtraTest" name="TestCase1" time="0.002"/>
  <system-out/>
</testsuite> <!-- selenium.TestNG.Programs.AllAnnotation_ExtraTest -->
