<?xml version="1.0" encoding="UTF-8"?>
<!-- Generated by org.testng.reporters.JUnitReportReporter -->
<testsuite hostname="DESKTOP-3E3VA82" failures="0" tests="2" name="dataProviderAnnotation.AmazonRegist_6SetofValues" time="25.537" errors="0" timestamp="2024-09-15T14:12:47 IST" skipped="0">
  <testcase classname="dataProviderAnnotation.AmazonRegist_6SetofValues" name="amazonRegistration" time="12.190"/>
  <system-out/>
  <testcase classname="dataProviderAnnotation.AmazonRegist_6SetofValues" name="amazonRegistration" time="13.347"/>
  <system-out/>
</testsuite> <!-- dataProviderAnnotation.AmazonRegist_6SetofValues -->
