<?xml version="1.0" encoding="UTF-8"?>
<!-- Generated by org.testng.reporters.JUnitReportReporter -->
<testsuite hostname="DESKTOP-3E3VA82" failures="0" tests="3" name="selenium.TestNG.Programs.Priority_Program_withNegative" time="0.020" errors="0" timestamp="2024-10-01T17:01:12 IST" skipped="0">
  <testcase classname="selenium.TestNG.Programs.Priority_Program_withNegative" name="logout" time="0.017"/>
  <system-out/>
  <testcase classname="selenium.TestNG.Programs.Priority_Program_withNegative" name="register" time="0.001"/>
  <system-out/>
  <testcase classname="selenium.TestNG.Programs.Priority_Program_withNegative" name="login" time="0.002"/>
  <system-out/>
</testsuite> <!-- selenium.TestNG.Programs.Priority_Program_withNegative -->
