<?xml version="1.0" encoding="UTF-8"?>
<!-- Generated by org.testng.reporters.JUnitReportReporter -->
<testsuite hostname="DESKTOP-3E3VA82" failures="0" tests="1" name="selenium.TestNG.Programs.Test_1BM_1AF" time="0.003" errors="0" timestamp="2024-08-30T17:03:58 IST" skipped="0">
  <testcase classname="selenium.TestNG.Programs.Test_1BM_1AF" name="test1" time="0.003"/>
  <system-out/>
</testsuite> <!-- selenium.TestNG.Programs.Test_1BM_1AF -->
