<?xml version="1.0" encoding="UTF-8"?>
<!-- Generated by org.testng.reporters.JUnitReportReporter -->
<testsuite hostname="DESKTOP-3E3VA82" failures="0" tests="1" name="selenium_prog.RightClick_RobotClass" time="6.122" errors="0" timestamp="2024-10-15T11:14:48 IST" skipped="0">
  <testcase classname="selenium_prog.RightClick_RobotClass" name="rightClick" time="6.122"/>
  <system-out/>
</testsuite> <!-- selenium_prog.RightClick_RobotClass -->
