<?xml version="1.0" encoding="UTF-8"?>
<!-- Generated by org.testng.reporters.JUnitReportReporter -->
<testsuite hostname="DESKTOP-3E3VA82" failures="0" tests="5" name="selenium.TestNG.Programs.TestCase_Run_multipleTimes" time="0.007" errors="0" timestamp="2024-08-30T17:03:58 IST" skipped="0">
  <testcase classname="selenium.TestNG.Programs.TestCase_Run_multipleTimes" name="test" time="0.002"/>
  <system-out/>
  <testcase classname="selenium.TestNG.Programs.TestCase_Run_multipleTimes" name="test" time="0.002"/>
  <system-out/>
  <testcase classname="selenium.TestNG.Programs.TestCase_Run_multipleTimes" name="test" time="0.002"/>
  <system-out/>
  <testcase classname="selenium.TestNG.Programs.TestCase_Run_multipleTimes" name="test" time="0.000"/>
  <system-out/>
  <testcase classname="selenium.TestNG.Programs.TestCase_Run_multipleTimes" name="test" time="0.001"/>
  <system-out/>
</testsuite> <!-- selenium.TestNG.Programs.TestCase_Run_multipleTimes -->
