<?xml version="1.0" encoding="UTF-8"?>
<!-- Generated by org.testng.reporters.JUnitReportReporter -->
<testsuite hostname="DESKTOP-3E3VA82" failures="0" tests="1" name="poM.AmazonTestCases.TestCase2" time="20.391" errors="0" timestamp="2024-09-17T17:42:20 IST" skipped="0">
  <testcase classname="poM.AmazonTestCases.TestCase2" name="searchDescription" time="20.391"/>
  <system-out/>
</testsuite> <!-- poM.AmazonTestCases.TestCase2 -->
