<?xml version="1.0" encoding="UTF-8"?>
<!-- Generated by org.testng.reporters.JUnitReportReporter -->
<testsuite hostname="DESKTOP-3E3VA82" failures="0" tests="1" name="selenium.TestNG.Programs.AssertTrue" time="4.997" errors="0" timestamp="2024-09-04T14:11:52 IST" skipped="0">
  <testcase classname="selenium.TestNG.Programs.AssertTrue" name="TestTrueCondition" time="4.997"/>
  <system-out/>
</testsuite> <!-- selenium.TestNG.Programs.AssertTrue -->
