<?xml version="1.0" encoding="UTF-8"?>
<!-- Generated by org.testng.reporters.JUnitReportReporter -->
<testsuite hostname="DESKTOP-3E3VA82" failures="0" tests="1" name="selenium.TestNG.Programs.All_Annotations" time="0.004" errors="0" timestamp="2024-08-30T17:03:58 IST" skipped="0">
  <testcase classname="selenium.TestNG.Programs.All_Annotations" name="TestCase1" time="0.004"/>
  <system-out/>
</testsuite> <!-- selenium.TestNG.Programs.All_Annotations -->
