<?xml version="1.0" encoding="UTF-8"?>
<!-- Generated by org.testng.reporters.JUnitReportReporter -->
<testsuite hostname="DESKTOP-3E3VA82" failures="0" tests="3" name="fb_parallelTest.TC1_FacebookLaunch" time="36.576" errors="0" timestamp="2024-09-10T17:07:31 IST" skipped="0">
  <testcase classname="fb_parallelTest.TC1_FacebookLaunch" name="fblaunch" time="12.316"/>
  <system-out/>
  <testcase classname="fb_parallelTest.TC1_FacebookLaunch" name="fblaunch" time="10.091"/>
  <system-out/>
  <testcase classname="fb_parallelTest.TC1_FacebookLaunch" name="fblaunch" time="14.169"/>
  <system-out/>
</testsuite> <!-- fb_parallelTest.TC1_FacebookLaunch -->
