<?xml version="1.0" encoding="UTF-8"?>
<!-- Generated by org.testng.reporters.JUnitReportReporter -->
<testsuite hostname="DESKTOP-3E3VA82" failures="0" tests="2" name="selenium.TestNG.Programs.Two_Tests" time="0.008" errors="0" timestamp="2024-08-30T17:03:58 IST" skipped="0">
  <testcase classname="selenium.TestNG.Programs.Two_Tests" name="TestCase2" time="0.001"/>
  <system-out/>
  <testcase classname="selenium.TestNG.Programs.Two_Tests" name="TestCase1" time="0.007"/>
  <system-out/>
</testsuite> <!-- selenium.TestNG.Programs.Two_Tests -->
