<?xml version="1.0" encoding="UTF-8"?>
<!-- Generated by org.testng.reporters.JUnitReportReporter -->
<testsuite hostname="DESKTOP-3E3VA82" failures="0" tests="1" name="selenium.TestNG.Programs.Grouping_TestNG" time="0.009" errors="0" timestamp="2024-10-01T11:58:53 IST" skipped="0">
  <testcase classname="selenium.TestNG.Programs.Grouping_TestNG" name="Test2" time="0.009"/>
  <system-out/>
</testsuite> <!-- selenium.TestNG.Programs.Grouping_TestNG -->
