<?xml version="1.0" encoding="UTF-8"?>
<!-- Generated by org.testng.reporters.JUnitReportReporter -->
<testsuite hostname="DESKTOP-3E3VA82" failures="0" tests="3" name="selenium.TestNG.Programs.Disable_TestCase" time="0.015" errors="0" timestamp="2024-08-30T17:03:58 IST" skipped="1">
  <testcase classname="selenium.TestNG.Programs.Disable_TestCase" name="test2" time="0.004"/>
  <system-out/>
  <testcase classname="selenium.TestNG.Programs.Disable_TestCase" name="test3" time="0.011"/>
  <system-out/>
  <testcase classname="selenium.TestNG.Programs.Disable_TestCase" name="test">
    <skipped/>
  </testcase> <!-- test -->
  <system-out/>
</testsuite> <!-- selenium.TestNG.Programs.Disable_TestCase -->
