<?xml version="1.0" encoding="UTF-8"?>
<!-- Generated by org.testng.reporters.JUnitReportReporter -->
<testsuite hostname="DESKTOP-3E3VA82" failures="0" tests="1" name="poM.AmazonTestCases.TC3_Amz_till_Payment" time="73.392" errors="0" timestamp="2024-09-26T22:23:34 IST" skipped="0">
  <testcase classname="poM.AmazonTestCases.TC3_Amz_till_Payment" name="cartandPay" time="73.392"/>
  <system-out/>
</testsuite> <!-- poM.AmazonTestCases.TC3_Amz_till_Payment -->
