<?xml version="1.0" encoding="UTF-8"?>
<!-- Generated by org.testng.reporters.JUnitReportReporter -->
<testsuite hostname="DESKTOP-3E3VA82" failures="0" tests="1" name="poM.AmazonTestCases.TC2_Amz_SearchResult" time="28.361" errors="0" timestamp="2024-09-18T14:46:07 IST" skipped="0">
  <testcase classname="poM.AmazonTestCases.TC2_Amz_SearchResult" name="searchDescription" time="28.361"/>
  <system-out/>
</testsuite> <!-- poM.AmazonTestCases.TC2_Amz_SearchResult -->
