<?xml version="1.0" encoding="UTF-8"?>
<!-- Generated by org.testng.reporters.JUnitReportReporter -->
<testsuite hostname="DESKTOP-3E3VA82" failures="0" tests="1" name="pageObjectModel.FBTestCase1" time="11.638" errors="0" timestamp="2024-09-15T16:40:13 IST" skipped="0">
  <testcase classname="pageObjectModel.FBTestCase1" name="launchFBandcallEachMethods" time="11.638"/>
  <system-out/>
</testsuite> <!-- pageObjectModel.FBTestCase1 -->
