<?xml version="1.0" encoding="UTF-8"?>
<!-- Generated by org.testng.reporters.JUnitReportReporter -->
<testsuite hostname="DESKTOP-3E3VA82" failures="0" tests="1" name="poM.AmazonTestCases.TestCase1" time="26.443" errors="0" timestamp="2024-09-16T17:25:05 IST" skipped="0">
  <testcase classname="poM.AmazonTestCases.TestCase1" name="logintoAmazon" time="26.443"/>
  <system-out/>
</testsuite> <!-- poM.AmazonTestCases.TestCase1 -->
