<?xml version="1.0" encoding="UTF-8"?>
<!-- Generated by org.testng.reporters.JUnitReportReporter -->
<testsuite hostname="DESKTOP-3E3VA82" failures="0" tests="3" name="selenium.TestNG.Programs.Priority_Test" time="0.011" errors="0" timestamp="2024-08-30T17:03:58 IST" skipped="0">
  <testcase classname="selenium.TestNG.Programs.Priority_Test" name="register" time="0.007"/>
  <system-out/>
  <testcase classname="selenium.TestNG.Programs.Priority_Test" name="login" time="0.002"/>
  <system-out/>
  <testcase classname="selenium.TestNG.Programs.Priority_Test" name="logout" time="0.002"/>
  <system-out/>
</testsuite> <!-- selenium.TestNG.Programs.Priority_Test -->
