<?xml version="1.0" encoding="UTF-8"?>
<!-- Generated by org.testng.reporters.JUnitReportReporter -->
<testsuite hostname="DESKTOP-3E3VA82" failures="0" tests="3" name="selenium.TestNG.Programs.TestAnnotation1BS_1AS_1AM" time="0.007" errors="0" timestamp="2024-08-30T17:03:58 IST" skipped="0">
  <testcase classname="selenium.TestNG.Programs.TestAnnotation1BS_1AS_1AM" name="search" time="0.003"/>
  <system-out/>
  <testcase classname="selenium.TestNG.Programs.TestAnnotation1BS_1AS_1AM" name="launch" time="0.003"/>
  <system-out/>
  <testcase classname="selenium.TestNG.Programs.TestAnnotation1BS_1AS_1AM" name="addtocart" time="0.001"/>
  <system-out/>
</testsuite> <!-- selenium.TestNG.Programs.TestAnnotation1BS_1AS_1AM -->
