<?xml version="1.0" encoding="UTF-8"?>
<!-- Generated by org.testng.reporters.JUnitReportReporter -->
<testsuite hostname="DESKTOP-3E3VA82" failures="0" tests="5" name="selenium.TestNG.Programs.DataProviderAnnotation" time="94.987" errors="0" timestamp="2024-09-15T10:20:30 IST" skipped="0">
  <testcase classname="selenium.TestNG.Programs.DataProviderAnnotation" name="search" time="19.184"/>
  <system-out/>
  <testcase classname="selenium.TestNG.Programs.DataProviderAnnotation" name="search" time="16.840"/>
  <system-out/>
  <testcase classname="selenium.TestNG.Programs.DataProviderAnnotation" name="search" time="15.565"/>
  <system-out/>
  <testcase classname="selenium.TestNG.Programs.DataProviderAnnotation" name="search" time="23.779"/>
  <system-out/>
  <testcase classname="selenium.TestNG.Programs.DataProviderAnnotation" name="search" time="19.619"/>
  <system-out/>
</testsuite> <!-- selenium.TestNG.Programs.DataProviderAnnotation -->
