<?xml version="1.0" encoding="UTF-8"?>
<!-- Generated by org.testng.reporters.JUnitReportReporter -->
<testsuite hostname="DESKTOP-3E3VA82" failures="0" tests="6" name="fb_parallelTest.TC3_FBLogin" time="34.172" errors="0" timestamp="2024-09-10T17:07:31 IST" skipped="0">
  <testcase classname="fb_parallelTest.TC3_FBLogin" name="loginFB" time="0.303"/>
  <system-out/>
  <testcase classname="fb_parallelTest.TC3_FBLogin" name="loginFB" time="0.260"/>
  <system-out/>
  <testcase classname="fb_parallelTest.TC3_FBLogin" name="fblaunch" time="10.262"/>
  <system-out/>
  <testcase classname="fb_parallelTest.TC3_FBLogin" name="fblaunch" time="6.652"/>
  <system-out/>
  <testcase classname="fb_parallelTest.TC3_FBLogin" name="loginFB" time="5.769"/>
  <system-out/>
  <testcase classname="fb_parallelTest.TC3_FBLogin" name="fblaunch" time="10.926"/>
  <system-out/>
</testsuite> <!-- fb_parallelTest.TC3_FBLogin -->
