<?xml version="1.0" encoding="UTF-8"?>
<!-- Generated by org.testng.reporters.JUnitReportReporter -->
<testsuite hostname="DESKTOP-3E3VA82" failures="0" tests="5" name="selenium.TestNG.Programs.DataProvider_Youtube" time="106.026" errors="0" timestamp="2024-09-09T17:52:29 IST" skipped="0">
  <testcase classname="selenium.TestNG.Programs.DataProvider_Youtube" name="youtubesearch" time="9.079"/>
  <system-out/>
  <testcase classname="selenium.TestNG.Programs.DataProvider_Youtube" name="youtubesearch" time="29.353"/>
  <system-out/>
  <testcase classname="selenium.TestNG.Programs.DataProvider_Youtube" name="youtubesearch" time="11.846"/>
  <system-out/>
  <testcase classname="selenium.TestNG.Programs.DataProvider_Youtube" name="youtubesearch" time="31.879"/>
  <system-out/>
  <testcase classname="selenium.TestNG.Programs.DataProvider_Youtube" name="youtubesearch" time="23.869"/>
  <system-out/>
</testsuite> <!-- selenium.TestNG.Programs.DataProvider_Youtube -->
