<?xml version="1.0" encoding="UTF-8"?>
<!-- Generated by org.testng.reporters.JUnitReportReporter -->
<testsuite hostname="DESKTOP-3E3VA82" failures="0" tests="6" name="fb_parallelTest.TC2FB_Registration" time="40.970" errors="0" timestamp="2024-09-10T17:07:31 IST" skipped="0">
  <testcase classname="fb_parallelTest.TC2FB_Registration" name="FBRegisterForm" time="5.963"/>
  <system-out/>
  <testcase classname="fb_parallelTest.TC2FB_Registration" name="FBRegisterForm" time="8.254"/>
  <system-out/>
  <testcase classname="fb_parallelTest.TC2FB_Registration" name="fblaunch" time="8.587"/>
  <system-out/>
  <testcase classname="fb_parallelTest.TC2FB_Registration" name="fblaunch" time="6.333"/>
  <system-out/>
  <testcase classname="fb_parallelTest.TC2FB_Registration" name="fblaunch" time="3.441"/>
  <system-out/>
  <testcase classname="fb_parallelTest.TC2FB_Registration" name="FBRegisterForm" time="8.392"/>
  <system-out/>
</testsuite> <!-- fb_parallelTest.TC2FB_Registration -->
