<?xml version="1.0" encoding="UTF-8"?>
<!-- Generated by org.testng.reporters.JUnitReportReporter -->
<testsuite hostname="DESKTOP-3E3VA82" failures="0" tests="1" name="seleniumM.ProjectSelenium.Amz_TC2_ValidLogin" time="28.065" errors="0" timestamp="2024-09-23T08:58:44 IST" skipped="0">
  <testcase classname="seleniumM.ProjectSelenium.Amz_TC2_ValidLogin" name="validLogin" time="28.065"/>
</testsuite> <!-- seleniumM.ProjectSelenium.Amz_TC2_ValidLogin -->
