<?xml version="1.0" encoding="UTF-8"?>
<!-- Generated by org.testng.reporters.JUnitReportReporter -->
<testsuite hostname="DESKTOP-3E3VA82" failures="0" tests="1" name="seleniumM.ProjectSelenium.Amz_TC8_SortBy" time="29.241" errors="0" timestamp="2024-10-06T11:39:46 IST" skipped="0">
  <testcase classname="seleniumM.ProjectSelenium.Amz_TC8_SortBy" name="VerifyProductDetailsPage" time="29.241"/>
  <system-out>
    <![CDATA[Test case is passed]]>
  </system-out>
</testsuite> <!-- seleniumM.ProjectSelenium.Amz_TC8_SortBy -->
