<?xml version="1.0" encoding="UTF-8"?>
<!-- Generated by org.testng.reporters.JUnitReportReporter -->
<testsuite hostname="DESKTOP-3E3VA82" failures="0" tests="2" name="seleniumM.ProjectSelenium.Amz_TC4_EditProfile" time="42.919" errors="0" timestamp="2024-10-06T11:09:52 IST" skipped="1">
  <testcase classname="seleniumM.ProjectSelenium.Amz_TC4_EditProfile" name="EditProfileDetails" time="18.815">
    <skipped/>
  </testcase> <!-- EditProfileDetails -->
  <system-out/>
  <testcase classname="seleniumM.ProjectSelenium.Amz_TC4_EditProfile" name="EditProfileDetails" time="24.104"/>
  <system-out>
    <![CDATA[Test case is passed]]>
  </system-out>
</testsuite> <!-- seleniumM.ProjectSelenium.Amz_TC4_EditProfile -->
