<?xml version="1.0" encoding="UTF-8"?>
<!-- Generated by org.testng.reporters.JUnitReportReporter -->
<testsuite hostname="DESKTOP-3E3VA82" failures="0" tests="2" name="seleniumM.ProjectSelenium.Amz_TC6_SearchByCategory" time="65.344" errors="0" timestamp="2024-10-06T11:22:21 IST" skipped="1">
  <testcase classname="seleniumM.ProjectSelenium.Amz_TC6_SearchByCategory" name="searchByCategory" time="36.563">
    <skipped/>
  </testcase> <!-- searchByCategory -->
  <system-out/>
  <testcase classname="seleniumM.ProjectSelenium.Amz_TC6_SearchByCategory" name="searchByCategory" time="28.781"/>
  <system-out>
    <![CDATA[Test case is passed]]>
  </system-out>
</testsuite> <!-- seleniumM.ProjectSelenium.Amz_TC6_SearchByCategory -->
