<?xml version="1.0" encoding="UTF-8"?>
<!-- Generated by org.testng.reporters.JUnitReportReporter -->
<testsuite hostname="DESKTOP-3E3VA82" failures="0" tests="1" name="seleniumM.ProjectSelenium.Amz_TC14_CanceltheOrder" time="23.424" errors="0" timestamp="2024-10-04T11:34:27 IST" skipped="0">
  <testcase classname="seleniumM.ProjectSelenium.Amz_TC14_CanceltheOrder" name="ProductCancel" time="23.424"/>
  <system-out>
    <![CDATA[You are on the product review page
Test case is passed]]>
  </system-out>
</testsuite> <!-- seleniumM.ProjectSelenium.Amz_TC14_CanceltheOrder -->
