<?xml version="1.0" encoding="UTF-8"?>
<!-- Generated by org.testng.reporters.JUnitReportReporter -->
<testsuite hostname="DESKTOP-3E3VA82" failures="0" tests="2" name="seleniumM.ProjectSelenium.Amz_TC2_ValidLogin" time="43.549" errors="0" timestamp="2024-10-06T11:53:54 IST" skipped="1">
  <testcase classname="seleniumM.ProjectSelenium.Amz_TC2_ValidLogin" name="validLogin" time="18.515"/>
  <system-out>
    <![CDATA[Test case is passed]]>
  </system-out>
  <testcase classname="seleniumM.ProjectSelenium.Amz_TC2_ValidLogin" name="validLogin" time="25.034">
    <skipped/>
  </testcase> <!-- validLogin -->
  <system-out/>
</testsuite> <!-- seleniumM.ProjectSelenium.Amz_TC2_ValidLogin -->
