<?xml version="1.0" encoding="UTF-8"?>
<!-- Generated by org.testng.reporters.JUnitReportReporter -->
<testsuite hostname="DESKTOP-3E3VA82" failures="0" tests="3" name="seleniumM.ProjectSelenium.Amz_TC15_withoutLogin_AddtoCart" time="330.600" errors="0" timestamp="2024-09-28T20:23:58 IST" skipped="2">
  <testcase classname="seleniumM.ProjectSelenium.Amz_TC15_withoutLogin_AddtoCart" name="WithoutLogin_Cart" time="70.237">
    <skipped/>
  </testcase> <!-- WithoutLogin_Cart -->
  <system-out/>
  <testcase classname="seleniumM.ProjectSelenium.Amz_TC15_withoutLogin_AddtoCart" name="WithoutLogin_Cart" time="134.618"/>
  <system-out>
    <![CDATA[Test case is passed]]>
  </system-out>
  <testcase classname="seleniumM.ProjectSelenium.Amz_TC15_withoutLogin_AddtoCart" name="WithoutLogin_Cart" time="125.745">
    <skipped/>
  </testcase> <!-- WithoutLogin_Cart -->
  <system-out/>
</testsuite> <!-- seleniumM.ProjectSelenium.Amz_TC15_withoutLogin_AddtoCart -->
