<?xml version="1.0" encoding="UTF-8"?>
<!-- Generated by org.testng.reporters.JUnitReportReporter -->
<testsuite hostname="DESKTOP-3E3VA82" failures="0" tests="1" name="seleniumM.ProjectSelenium.Amz_TC3_invalidLogin" time="38.493" errors="0" timestamp="2024-09-23T10:12:41 IST" skipped="0">
  <testcase classname="seleniumM.ProjectSelenium.Amz_TC3_invalidLogin" name="InvalidLogin" time="38.493"/>
  <system-out/>
</testsuite> <!-- seleniumM.ProjectSelenium.Amz_TC3_invalidLogin -->
