<?xml version="1.0" encoding="UTF-8"?>
<!-- Generated by org.testng.reporters.JUnitReportReporter -->
<testsuite hostname="DESKTOP-3E3VA82" failures="0" tests="1" name="seleniumM.ProjectSelenium.Amz_TC1Registration" time="13.006" errors="0" timestamp="2024-09-20T16:45:13 IST" skipped="0">
  <testcase classname="seleniumM.ProjectSelenium.Amz_TC1Registration" name="regiesterwithAmazon" time="13.006"/>
  <system-out/>
</testsuite> <!-- seleniumM.ProjectSelenium.Amz_TC1Registration -->
