<?xml version="1.0" encoding="UTF-8"?>
<!-- Generated by org.testng.reporters.JUnitReportReporter -->
<testsuite hostname="DESKTOP-3E3VA82" failures="0" tests="1" name="seleniumM.ProjectSelenium.Amz_Registra_DataDriven" time="0.703" errors="0" timestamp="2024-09-19T16:24:52 IST" skipped="0">
  <testcase classname="seleniumM.ProjectSelenium.Amz_Registra_DataDriven" name="RegisterDataFromExcel" time="0.703"/>
  <system-out/>
</testsuite> <!-- seleniumM.ProjectSelenium.Amz_Registra_DataDriven -->
