<?xml version="1.0" encoding="UTF-8"?>
<!-- Generated by org.testng.reporters.JUnitReportReporter -->
<testsuite hostname="DESKTOP-3E3VA82" failures="0" tests="1" name="seleniumM.ProjectSelenium.Amz_TC1Registration" time="19.650" errors="0" timestamp="2024-09-20T18:39:07 IST" skipped="0">
  <testcase classname="seleniumM.ProjectSelenium.Amz_TC1Registration" name="regiesterwithAmazon" time="19.650"/>
</testsuite> <!-- seleniumM.ProjectSelenium.Amz_TC1Registration -->
